TN:
SF:src/App.tsx
FN:10,App
FN:30,(anonymous_1)
FN:38,(anonymous_2)
FNF:3
FNH:2
FNDA:17,App
FNDA:13,(anonymous_1)
FNDA:0,(anonymous_2)
DA:10,13
DA:11,13
DA:27,13
DA:30,13
DA:32,13
DA:33,0
DA:35,13
DA:37,13
DA:38,13
DA:39,0
DA:40,0
DA:41,0
DA:42,0
DA:44,0
DA:46,13
DA:49,13
DA:50,13
DA:51,13
DA:52,13
DA:55,0
DA:57,13
DA:58,13
DA:60,13
DA:62,13
DA:67,13
DA:69,13
DA:70,13
DA:84,13
DA:86,13
DA:88,13
DA:96,13
DA:98,13
DA:115,13
DA:116,13
DA:118,13
DA:133,13
DA:134,13
LF:37
LH:30
BRDA:27,0,0,13
BRDA:27,0,1,0
BRDA:32,1,0,0
BRDA:32,1,1,13
BRDA:35,2,0,13
BRDA:35,2,1,0
BRDA:35,3,0,13
BRDA:35,3,1,0
BRDA:46,4,0,13
BRDA:46,4,1,0
BRDA:51,5,0,13
BRDA:51,5,1,0
BRDA:57,6,0,13
BRDA:57,6,1,0
BRDA:58,7,0,2
BRDA:58,7,1,11
BRDA:58,8,0,13
BRDA:58,8,1,0
BRDA:58,9,0,13
BRDA:58,9,1,0
BRDA:58,10,0,13
BRDA:58,10,1,0
BRDA:60,11,0,13
BRDA:60,11,1,0
BRDA:60,12,0,13
BRDA:60,12,1,0
BRDA:62,13,0,13
BRDA:62,13,1,2
BRDA:65,14,0,2
BRDA:65,14,1,0
BRDA:67,15,0,13
BRDA:67,15,1,0
BRDA:67,16,0,13
BRDA:67,16,1,0
BRDA:70,17,0,13
BRDA:70,17,1,4
BRDA:84,18,0,13
BRDA:84,18,1,0
BRDA:84,19,0,13
BRDA:84,19,1,0
BRDA:86,20,0,13
BRDA:86,20,1,1
BRDA:86,21,0,13
BRDA:86,21,1,0
BRDA:86,22,0,13
BRDA:86,22,1,0
BRDA:88,23,0,13
BRDA:88,23,1,2
BRDA:96,24,0,13
BRDA:96,24,1,0
BRDA:96,25,0,13
BRDA:96,25,1,0
BRDA:96,25,2,0
BRDA:98,26,0,13
BRDA:98,26,1,6
BRDA:101,27,0,4
BRDA:101,27,1,2
BRDA:104,28,0,2
BRDA:104,28,1,2
BRDA:115,29,0,13
BRDA:115,29,1,0
BRDA:115,30,0,13
BRDA:115,30,1,0
BRDA:115,30,2,0
BRDA:115,30,3,0
BRDA:116,31,0,13
BRDA:116,31,1,0
BRDA:116,32,0,13
BRDA:116,32,1,0
BRDA:116,32,2,0
BRDA:116,32,3,0
BRDA:116,32,4,0
BRDA:116,32,5,0
BRDA:116,32,6,0
BRDA:116,32,7,0
BRDA:118,33,0,13
BRDA:118,33,1,6
BRDA:125,34,0,2
BRDA:125,34,1,4
BRDA:127,35,0,6
BRDA:127,35,1,2
BRDA:133,36,0,13
BRDA:133,36,1,0
BRDA:133,37,0,13
BRDA:133,37,1,0
BRDA:133,37,2,0
BRDA:133,37,3,0
BRF:87
BRH:49
end_of_record
TN:
SF:src/components/ChatInput.tsx
FN:20,ChatInput
FN:30,(anonymous_1)
FN:42,(anonymous_2)
FN:61,(anonymous_3)
FNF:4
FNH:4
FNDA:26,ChatInput
FNDA:2,(anonymous_1)
FNDA:2,(anonymous_2)
FNDA:5,(anonymous_3)
DA:20,26
DA:22,26
DA:23,26
DA:25,26
DA:27,26
DA:29,26
DA:30,26
DA:31,2
DA:32,2
DA:33,2
DA:34,2
DA:35,2
DA:37,0
DA:39,26
DA:41,26
DA:42,26
DA:43,2
DA:44,1
DA:45,1
DA:46,1
DA:47,1
DA:48,1
DA:51,0
DA:53,26
DA:56,26
DA:57,26
DA:58,26
DA:61,26
DA:68,26
DA:69,26
DA:89,26
DA:90,26
DA:91,26
DA:92,26
LF:34
LH:32
BRDA:22,0,0,19
BRDA:22,0,1,7
BRDA:23,1,0,18
BRDA:23,1,1,8
BRDA:25,2,0,19
BRDA:25,2,1,7
BRDA:27,3,0,26
BRDA:27,3,1,0
BRDA:27,4,0,26
BRDA:27,4,1,8
BRDA:27,4,2,0
BRDA:27,4,3,0
BRDA:33,5,0,2
BRDA:33,5,1,0
BRDA:33,6,0,2
BRDA:33,6,1,2
BRDA:33,6,2,2
BRDA:39,7,0,26
BRDA:39,7,1,0
BRDA:39,8,0,26
BRDA:39,8,1,8
BRDA:39,8,2,0
BRDA:39,8,3,0
BRDA:43,9,0,1
BRDA:43,9,1,1
BRDA:43,10,0,2
BRDA:43,10,1,2
BRDA:46,11,0,1
BRDA:46,11,1,0
BRDA:46,12,0,1
BRDA:46,12,1,1
BRDA:46,12,2,1
BRDA:53,13,0,18
BRDA:53,13,1,8
BRDA:61,14,0,26
BRDA:61,14,1,0
BRDA:61,15,0,26
BRDA:61,15,1,8
BRDA:61,15,2,0
BRDA:61,15,3,0
BRDA:68,16,0,26
BRDA:68,16,1,0
BRDA:68,17,0,26
BRDA:68,17,1,8
BRDA:68,17,2,0
BRDA:68,17,3,0
BRDA:69,18,0,2
BRDA:69,18,1,24
BRDA:83,19,0,24
BRDA:83,19,1,23
BRDA:89,20,0,26
BRDA:89,20,1,0
BRDA:89,21,0,26
BRDA:89,21,1,0
BRDA:90,22,0,18
BRDA:90,22,1,8
BRDA:91,23,0,26
BRDA:91,23,1,0
BRDA:91,24,0,26
BRDA:91,24,1,0
BRF:60
BRH:42
end_of_record
TN:
SF:src/components/ChatMessage.tsx
FN:12,ChatMessage
FNF:1
FNH:1
FNDA:13,ChatMessage
DA:12,13
DA:13,13
DA:14,13
DA:17,13
DA:18,13
DA:19,13
DA:21,13
DA:22,13
DA:23,13
DA:24,13
DA:25,13
DA:26,13
DA:27,13
LF:13
LH:13
BRDA:18,0,0,7
BRDA:18,0,1,6
BRDA:18,1,0,6
BRDA:18,1,1,7
BRDA:21,2,0,7
BRDA:21,2,1,6
BRDA:21,3,0,13
BRDA:21,3,1,0
BRDA:23,4,0,7
BRDA:23,4,1,6
BRDA:23,5,0,13
BRDA:23,5,1,0
BRDA:24,6,0,13
BRDA:24,6,1,1
BRDA:24,7,0,1
BRDA:24,7,1,0
BRDA:24,8,0,13
BRDA:24,8,1,0
BRDA:24,9,0,13
BRDA:24,9,1,0
BRDA:25,10,0,13
BRDA:25,10,1,0
BRDA:25,11,0,13
BRDA:25,11,1,0
BRDA:25,12,0,13
BRDA:25,12,1,0
BRDA:25,12,2,0
BRDA:26,13,0,13
BRDA:26,13,1,0
BRDA:26,14,0,13
BRDA:26,14,1,0
BRDA:26,14,2,0
BRDA:26,14,3,0
BRF:33
BRH:20
end_of_record
TN:
SF:src/components/LoadingIndicator.tsx
FN:14,LoadingIndicator
FNF:1
FNH:1
FNDA:8,LoadingIndicator
DA:14,8
DA:15,8
DA:18,7
DA:19,7
DA:20,8
DA:21,7
DA:24,7
DA:30,7
DA:31,7
DA:32,7
LF:10
LH:10
BRDA:15,0,0,1
BRDA:15,0,1,7
BRDA:15,1,0,7
BRDA:15,1,1,0
BRDA:20,2,0,7
BRDA:20,2,1,1
BRDA:20,3,0,7
BRDA:20,3,1,0
BRDA:24,4,0,7
BRDA:24,4,1,0
BRDA:24,5,0,7
BRDA:24,5,1,0
BRDA:24,6,0,7
BRDA:24,6,1,0
BRDA:30,7,0,7
BRDA:30,7,1,0
BRDA:31,8,0,7
BRDA:31,8,1,0
BRDA:31,9,0,7
BRDA:31,9,1,0
BRDA:31,9,2,0
BRF:21
BRH:12
end_of_record
TN:
SF:src/components/index.ts
FNF:0
FNH:0
LF:0
LH:0
BRF:0
BRH:0
end_of_record
TN:
SF:src/hooks/useWebLLM.ts
FN:32,useWebLLM
FN:50,(anonymous_1)
FN:93,(anonymous_2)
FN:133,(anonymous_3)
FN:148,(anonymous_4)
FN:159,(anonymous_5)
FN:166,(anonymous_6)
FN:167,(anonymous_7)
FN:168,(anonymous_8)
FN:185,(anonymous_9)
FN:196,(anonymous_10)
FN:213,(anonymous_11)
FN:214,(anonymous_12)
FN:237,(anonymous_13)
FN:247,(anonymous_14)
FN:254,(anonymous_15)
FN:265,(anonymous_16)
FN:266,(anonymous_17)
FNF:18
FNH:12
FNDA:16,useWebLLM
FNDA:2,(anonymous_1)
FNDA:0,(anonymous_2)
FNDA:1,(anonymous_3)
FNDA:1,(anonymous_4)
FNDA:1,(anonymous_5)
FNDA:261,(anonymous_6)
FNDA:261,(anonymous_7)
FNDA:522,(anonymous_8)
FNDA:0,(anonymous_9)
FNDA:0,(anonymous_10)
FNDA:0,(anonymous_11)
FNDA:0,(anonymous_12)
FNDA:0,(anonymous_13)
FNDA:1,(anonymous_14)
FNDA:1,(anonymous_15)
FNDA:11,(anonymous_16)
FNDA:11,(anonymous_17)
DA:19,1
DA:33,16
DA:34,16
DA:35,16
DA:36,16
DA:40,16
DA:41,16
DA:43,16
DA:44,16
DA:45,16
DA:50,16
DA:51,2
DA:52,0
DA:55,2
DA:56,2
DA:57,2
DA:60,2
DA:61,2
DA:62,2
DA:63,2
DA:64,2
DA:65,2
DA:69,0
DA:71,0
DA:73,0
DA:74,0
DA:75,0
DA:76,0
DA:80,0
DA:84,0
DA:85,0
DA:86,2
DA:88,2
DA:90,2
DA:92,0
DA:94,0
DA:101,0
DA:102,0
DA:103,0
DA:105,0
DA:108,0
DA:113,0
DA:114,0
DA:115,0
DA:116,0
DA:120,0
DA:123,0
DA:124,0
DA:125,0
DA:132,16
DA:134,1
DA:135,1
DA:137,1
DA:138,0
DA:141,1
DA:148,1
DA:150,1
DA:152,1
DA:159,1
DA:162,1
DA:163,1
DA:165,1
DA:166,261
DA:167,261
DA:168,261
DA:169,522
DA:174,261
DA:178,0
DA:179,0
DA:180,0
DA:182,0
DA:183,0
DA:185,0
DA:189,0
DA:196,0
DA:198,0
DA:205,0
DA:206,0
DA:207,0
DA:208,0
DA:210,0
DA:211,0
DA:213,0
DA:214,0
DA:218,0
DA:220,0
DA:221,0
DA:222,0
DA:225,0
DA:226,0
DA:227,0
DA:228,0
DA:237,16
DA:238,0
DA:239,0
DA:240,0
DA:247,16
DA:248,1
DA:254,16
DA:255,1
DA:256,1
DA:257,1
DA:258,1
DA:259,1
DA:260,1
DA:261,1
DA:265,16
DA:266,11
DA:267,11
DA:271,16
LF:110
LH:56
BRDA:32,0,0,16
BRDA:51,1,0,0
BRDA:51,1,1,2
BRDA:51,2,0,2
BRDA:51,2,1,2
BRDA:51,2,2,2
BRDA:60,3,0,2
BRDA:60,3,1,0
BRDA:71,4,0,0
BRDA:71,4,1,0
BRDA:75,5,0,0
BRDA:75,5,1,0
BRDA:85,6,0,0
BRDA:85,6,1,0
BRDA:105,7,0,0
BRDA:105,7,1,0
BRDA:108,8,0,0
BRDA:108,8,1,0
BRDA:109,9,0,0
BRDA:109,9,1,0
BRDA:109,9,2,0
BRDA:137,10,0,0
BRDA:137,10,1,1
BRDA:137,11,0,1
BRDA:137,11,1,0
BRDA:137,11,2,0
BRDA:150,12,0,1
BRDA:150,12,1,0
BRDA:169,13,0,261
BRDA:169,13,1,261
BRDA:207,14,0,0
BRDA:207,14,1,0
BRDA:210,15,0,0
BRDA:210,15,1,0
BRDA:214,16,0,0
BRDA:214,16,1,0
BRDA:220,17,0,0
BRDA:220,17,1,0
BRDA:220,18,0,0
BRDA:220,18,1,0
BRDA:225,19,0,0
BRDA:225,19,1,0
BRDA:239,20,0,0
BRDA:239,20,1,0
BRDA:283,21,0,16
BRDA:283,21,1,16
BRF:46
BRH:13
end_of_record
TN:
SF:src/types/chat.ts
FNF:0
FNH:0
DA:52,2
LF:1
LH:1
BRF:0
BRH:0
end_of_record
TN:
SF:src/utils/gpu.ts
FN:42,checkGPUSupport
FN:95,isTestEnvironment
FN:113,shouldUseDemoMode
FNF:3
FNH:3
FNDA:4,checkGPUSupport
FNDA:2,isTestEnvironment
FNDA:1,shouldUseDemoMode
DA:44,4
DA:45,1
DA:52,3
DA:54,3
DA:56,2
DA:57,1
DA:68,1
DA:69,0
DA:70,0
DA:71,0
DA:72,1
DA:73,1
DA:74,1
DA:77,1
DA:84,1
DA:97,2
DA:99,2
DA:106,0
DA:114,1
DA:115,1
DA:118,0
DA:119,0
LF:22
LH:16
BRDA:44,0,0,1
BRDA:44,0,1,3
BRDA:44,1,0,4
BRDA:44,1,1,4
BRDA:56,2,0,1
BRDA:56,2,1,1
BRDA:68,3,0,0
BRDA:68,3,1,1
BRDA:72,4,0,1
BRDA:72,4,1,0
BRDA:87,5,0,1
BRDA:87,5,1,0
BRDA:100,6,0,2
BRDA:100,6,1,0
BRDA:100,6,2,0
BRDA:114,7,0,1
BRDA:114,7,1,0
BRF:17
BRH:11
end_of_record
